0 info it worked if it ends with ok
1 verbose cli [ '/usr/local/bin/node', '/usr/local/bin/npm', 'install' ]
2 info using npm@1.4.28
3 info using node@v0.10.35
4 warn package.json exserver@1.0.0 No description
5 warn package.json exserver@1.0.0 No README data
6 verbose readDependencies using package.json deps
7 verbose install where, deps [ '/mnt/data/Work/Tutorials/Practice/express/node.js/exserver',
7 verbose install   [ 'express', 'body-parser' ] ]
8 info preinstall exserver@1.0.0
9 verbose readDependencies using package.json deps
10 verbose already installed skipping express@^4.15.0 /mnt/data/Work/Tutorials/Practice/express/node.js/exserver
11 verbose cache add [ 'body-parser@*', null ]
12 verbose cache add name=undefined spec="body-parser@*" args=["body-parser@*",null]
13 verbose parsed url { protocol: null,
13 verbose parsed url   slashes: null,
13 verbose parsed url   auth: null,
13 verbose parsed url   host: null,
13 verbose parsed url   port: null,
13 verbose parsed url   hostname: null,
13 verbose parsed url   hash: null,
13 verbose parsed url   search: null,
13 verbose parsed url   query: null,
13 verbose parsed url   pathname: 'body-parser@*',
13 verbose parsed url   path: 'body-parser@*',
13 verbose parsed url   href: 'body-parser@*' }
14 verbose cache add name="body-parser" spec="*" args=["body-parser","*"]
15 verbose parsed url { protocol: null,
15 verbose parsed url   slashes: null,
15 verbose parsed url   auth: null,
15 verbose parsed url   host: null,
15 verbose parsed url   port: null,
15 verbose parsed url   hostname: null,
15 verbose parsed url   hash: null,
15 verbose parsed url   search: null,
15 verbose parsed url   query: null,
15 verbose parsed url   pathname: '*',
15 verbose parsed url   path: '*',
15 verbose parsed url   href: '*' }
16 verbose addNamed [ 'body-parser', '*' ]
17 verbose addNamed [ null, '*' ]
18 silly lockFile 12b67fc9-body-parser body-parser@*
19 verbose lock body-parser@* /home/rmmohan/.npm/12b67fc9-body-parser.lock
20 silly addNameRange { name: 'body-parser', range: '*', hasData: false }
21 verbose request where is /body-parser
22 verbose request registry https://registry.npmjs.org/
23 verbose request id fcccbd72f1b54161
24 verbose url raw /body-parser
25 verbose url resolving [ 'https://registry.npmjs.org/', './body-parser' ]
26 verbose url resolved https://registry.npmjs.org/body-parser
27 verbose request where is https://registry.npmjs.org/body-parser
28 info trying registry request attempt 1 at 15:59:27
29 http GET https://registry.npmjs.org/body-parser
30 info retry will retry, error on last attempt: Error: getaddrinfo ENOTFOUND
31 info trying registry request attempt 2 at 15:59:57
32 http GET https://registry.npmjs.org/body-parser
33 info retry will retry, error on last attempt: Error: getaddrinfo ENOTFOUND
34 info trying registry request attempt 3 at 16:01:17
35 http GET https://registry.npmjs.org/body-parser
36 silly lockFile 12b67fc9-body-parser body-parser@*
37 silly lockFile 12b67fc9-body-parser body-parser@*
38 error network getaddrinfo ENOTFOUND
38 error network This is most likely not a problem with npm itself
38 error network and is related to network connectivity.
38 error network In most cases you are behind a proxy or have bad network settings.
38 error network
38 error network If you are behind a proxy, please make sure that the
38 error network 'proxy' config is set properly.  See: 'npm help config'
39 error System Linux 3.11.0-12-generic
40 error command "/usr/local/bin/node" "/usr/local/bin/npm" "install"
41 error cwd /mnt/data/Work/Tutorials/Practice/express/node.js/exserver
42 error node -v v0.10.35
43 error npm -v 1.4.28
44 error syscall getaddrinfo
45 error code ENOTFOUND
46 error errno ENOTFOUND
47 verbose exit [ 1, true ]
